<?xml version="1.0" encoding="UTF-8"?>
<!-- Generated by org.testng.reporters.JUnitXMLReporter -->
<testsuite ignored="0" hostname="DESKTOP-VSS1DPC" failures="0" tests="8" name="mytest" time="22.789" errors="0" timestamp="2025-10-01T09:34:17 IST">
  <testcase classname="TestNGProject.OrangeHRMTest" name="Setup" time="8.758"/>
  <testcase classname="TestNGProject.OrangeHRMTest" name="LogoTest" time="3.123"/>
  <testcase classname="TestNGProject.OrangeHRMTest" name="LoginTest" time="3.484"/>
  <testcase classname="TestNGProject.OrangeHRMTest" name="closeapp" time="0.522"/>
  <testcase classname="TestNGProject.TestNGClass_1" name="login" time="3.031"/>
  <testcase classname="TestNGProject.TestNGClass_1" name="ClickOnAdmin" time="3.181"/>
  <testcase classname="TestNGProject.TestNGClass_1" name="UserManagementDetails" time="0.445"/>
  <testcase classname="TestNGProject.TestNGClass_1" name="Reset" time="0.151"/>
</testsuite> <!-- mytest -->
