<?xml version="1.0" encoding="UTF-8"?>
<!-- Generated by org.testng.reporters.JUnitXMLReporter -->
<testsuite ignored="4" hostname="DESKTOP-VSS1DPC" failures="0" tests="2" name="Test" time="0.064" errors="0" timestamp="2025-09-04T18:00:12 IST">
  <testcase classname="TestNG_Pac_1.LoanDepartment" name="ApiLoginAutomobileLoan" time="0.01"/>
  <testcase classname="TestNG_Pac_1.LoanDepartment" name="ApiLoginPersonalLoan" time="0.001"/>
  <testcase classname="TestNG_Pac_1.LoanDepartment" name="MobileLoginAutomobileLoan" time="0.0">
    <ignored/>
  </testcase> <!-- MobileLoginAutomobileLoan -->
  <testcase classname="TestNG_Pac_1.LoanDepartment" name="WebLoginAutomobileLoan" time="0.0">
    <ignored/>
  </testcase> <!-- WebLoginAutomobileLoan -->
  <testcase classname="TestNG_Pac_1.LoanDepartment" name="MobileLoginPersonalLoan" time="0.0">
    <ignored/>
  </testcase> <!-- MobileLoginPersonalLoan -->
  <testcase classname="TestNG_Pac_1.LoanDepartment" name="WebLoginPersonalLoan" time="0.0">
    <ignored/>
  </testcase> <!-- WebLoginPersonalLoan -->
</testsuite> <!-- Test -->
